c:\users\manue\desktop\uni\2ºaño\2ºcuatri\tpv2\practica1\practica1tpv2\tpv2\tpv2\debug\vc142.pdb
c:\users\manue\desktop\uni\2ºaño\2ºcuatri\tpv2\practica1\practica1tpv2\tpv2\tpv2\debug\vc142.idb
c:\users\manue\desktop\uni\2ºaño\2ºcuatri\tpv2\practica1\practica1tpv2\tpv2\tpv2\debug\vector2d.obj
c:\users\manue\desktop\uni\2ºaño\2ºcuatri\tpv2\practica1\practica1tpv2\tpv2\tpv2\debug\collisions.obj
c:\users\manue\desktop\uni\2ºaño\2ºcuatri\tpv2\practica1\practica1tpv2\tpv2\tpv2\debug\texture.obj
c:\users\manue\desktop\uni\2ºaño\2ºcuatri\tpv2\practica1\practica1tpv2\tpv2\tpv2\debug\soundeffect.obj
c:\users\manue\desktop\uni\2ºaño\2ºcuatri\tpv2\practica1\practica1tpv2\tpv2\tpv2\debug\sdlutils.obj
c:\users\manue\desktop\uni\2ºaño\2ºcuatri\tpv2\practica1\practica1tpv2\tpv2\tpv2\debug\sdlutils_demo.obj
c:\users\manue\desktop\uni\2ºaño\2ºcuatri\tpv2\practica1\practica1tpv2\tpv2\tpv2\debug\main.obj
c:\users\manue\desktop\uni\2ºaño\2ºcuatri\tpv2\practica1\practica1tpv2\tpv2\tpv2\debug\jsonvalue.obj
c:\users\manue\desktop\uni\2ºaño\2ºcuatri\tpv2\practica1\practica1tpv2\tpv2\tpv2\debug\json.obj
c:\users\manue\desktop\uni\2ºaño\2ºcuatri\tpv2\practica1\practica1tpv2\tpv2\tpv2\debug\somplejson_demo.obj
c:\users\manue\desktop\uni\2ºaño\2ºcuatri\tpv2\practica1\practica1tpv2\tpv2\tpv2\debug\game.obj
c:\users\manue\desktop\uni\2ºaño\2ºcuatri\tpv2\practica1\practica1tpv2\tpv2\tpv2\debug\manager.obj
c:\users\manue\desktop\uni\2ºaño\2ºcuatri\tpv2\practica1\practica1tpv2\tpv2\tpv2\debug\entity.obj
c:\users\manue\desktop\uni\2ºaño\2ºcuatri\tpv2\practica1\practica1tpv2\tpv2\bin\tpv2debug.exe
c:\users\manue\desktop\uni\2ºaño\2ºcuatri\tpv2\practica1\practica1tpv2\tpv2\bin\tpv2debug.ilk
c:\users\manue\desktop\uni\2ºaño\2ºcuatri\tpv2\practica1\practica1tpv2\tpv2\bin\tpv2debug.pdb
c:\users\manue\desktop\uni\2ºaño\2ºcuatri\tpv2\practica1\practica1tpv2\tpv2\tpv2\debug\tpv2.tlog\cl.command.1.tlog
c:\users\manue\desktop\uni\2ºaño\2ºcuatri\tpv2\practica1\practica1tpv2\tpv2\tpv2\debug\tpv2.tlog\cl.read.1.tlog
c:\users\manue\desktop\uni\2ºaño\2ºcuatri\tpv2\practica1\practica1tpv2\tpv2\tpv2\debug\tpv2.tlog\cl.write.1.tlog
c:\users\manue\desktop\uni\2ºaño\2ºcuatri\tpv2\practica1\practica1tpv2\tpv2\tpv2\debug\tpv2.tlog\link.command.1.tlog
c:\users\manue\desktop\uni\2ºaño\2ºcuatri\tpv2\practica1\practica1tpv2\tpv2\tpv2\debug\tpv2.tlog\link.read.1.tlog
c:\users\manue\desktop\uni\2ºaño\2ºcuatri\tpv2\practica1\practica1tpv2\tpv2\tpv2\debug\tpv2.tlog\link.write.1.tlog
