  Entity.cpp
  Manager.cpp
  Game.cpp
C:\Users\roy_x\OneDrive\Escritorio\GitHub\Practica1TPV2\TPV2\TPV2\components\FighterCtrl.h(59,15): warning C4305: 'inicializando': truncamiento de 'double' a 'float'
C:\Users\roy_x\OneDrive\Escritorio\GitHub\Practica1TPV2\TPV2\TPV2\components\Gun.h(32,36): warning C4244: '=': conversión de 'Uint32' a 'float'; posible pérdida de datos
C:\Users\roy_x\OneDrive\Escritorio\GitHub\Practica1TPV2\TPV2\TPV2\components\Health.h(44,34): warning C4244: '=': conversión de 'float' a 'int'; posible pérdida de datos
C:\Users\roy_x\OneDrive\Escritorio\GitHub\Practica1TPV2\TPV2\TPV2\components\FramedImage.h(62,35): warning C4244: '=': conversión de 'Uint32' a 'float'; posible pérdida de datos
C:\Users\roy_x\OneDrive\Escritorio\GitHub\Practica1TPV2\TPV2\TPV2\game\Game.cpp(48,49): warning C4244: 'argumento': conversión de 'int' a 'float'; posible pérdida de datos
C:\Users\roy_x\OneDrive\Escritorio\GitHub\Practica1TPV2\TPV2\TPV2\game\Game.cpp(51,66): warning C4244: 'argumento': conversión de 'int' a 'float'; posible pérdida de datos
C:\Users\roy_x\OneDrive\Escritorio\GitHub\Practica1TPV2\TPV2\TPV2\game\Game.cpp(51,37): warning C4244: 'argumento': conversión de 'int' a 'float'; posible pérdida de datos
C:\Users\roy_x\OneDrive\Escritorio\GitHub\Practica1TPV2\TPV2\TPV2\game\Game.cpp(54,46): warning C4244: 'argumento': conversión de 'int' a 'float'; posible pérdida de datos
C:\Users\roy_x\OneDrive\Escritorio\GitHub\Practica1TPV2\TPV2\TPV2\game\Game.cpp(57,88): warning C4244: 'argumento': conversión de 'int' a 'float'; posible pérdida de datos
C:\Users\roy_x\OneDrive\Escritorio\GitHub\Practica1TPV2\TPV2\TPV2\game\Game.cpp(57,46): warning C4244: 'argumento': conversión de 'int' a 'float'; posible pérdida de datos
C:\Users\roy_x\OneDrive\Escritorio\GitHub\Practica1TPV2\TPV2\TPV2\game\Game.cpp(64,82): warning C4244: 'argumento': conversión de 'int' a 'float'; posible pérdida de datos
C:\Users\roy_x\OneDrive\Escritorio\GitHub\Practica1TPV2\TPV2\TPV2\game\Game.cpp(64,47): warning C4244: 'argumento': conversión de 'int' a 'float'; posible pérdida de datos
C:\Users\roy_x\OneDrive\Escritorio\GitHub\Practica1TPV2\TPV2\TPV2\game\Game.cpp(66,75): warning C4244: 'argumento': conversión de 'int' a 'float'; posible pérdida de datos
C:\Users\roy_x\OneDrive\Escritorio\GitHub\Practica1TPV2\TPV2\TPV2\game\Game.cpp(66,45): warning C4244: 'argumento': conversión de 'int' a 'float'; posible pérdida de datos
C:\Users\roy_x\OneDrive\Escritorio\GitHub\Practica1TPV2\TPV2\TPV2\game\Game.cpp(70,90): warning C4244: 'argumento': conversión de 'double' a 'float'; posible pérdida de datos
  Generando código...
  TPV2.vcxproj -> C:\Users\roy_x\OneDrive\Escritorio\GitHub\Practica1TPV2\TPV2\bin\TPV2Debug.exe
